app/build/intermediates/manifest_merge_blame_file/debug/manifest-merger-blame-debug-report.txt
1<?xml version="1.0" encoding="utf-8"?>
2<manifest xmlns:android="http://schemas.android.com/apk/res/android"
3    package="com.example.childguard"
4    android:versionCode="1"
5    android:versionName="1.0" >
6
7    <uses-sdk
8        android:minSdkVersion="21"
9        android:targetSdkVersion="33" />
10
11    <uses-permission android:name="android.permission.INTERNET" />
11-->src/main/AndroidManifest.xml:5:5-67
11-->src/main/AndroidManifest.xml:5:22-64
12    <uses-permission android:name="android.permission.RECEIVE_BOOT_COMPLETED" />
12-->src/main/AndroidManifest.xml:6:5-81
12-->src/main/AndroidManifest.xml:6:22-78
13    <uses-permission android:name="android.permission.FOREGROUND_SERVICE" />
13-->src/main/AndroidManifest.xml:7:5-77
13-->src/main/AndroidManifest.xml:7:22-74
14    <uses-permission android:name="android.permission.FOREGROUND_SERVICE_DATA_SYNC" />
14-->src/main/AndroidManifest.xml:8:5-87
14-->src/main/AndroidManifest.xml:8:22-84
15    <uses-permission android:name="android.permission.POST_NOTIFICATIONS" />
15-->src/main/AndroidManifest.xml:9:5-77
15-->src/main/AndroidManifest.xml:9:22-74
16    <uses-permission android:name="android.permission.MANAGE_EXTERNAL_STORAGE" />
16-->src/main/AndroidManifest.xml:10:5-11:40
16-->src/main/AndroidManifest.xml:10:22-79
17    <uses-permission
17-->src/main/AndroidManifest.xml:13:5-14:38
18        android:name="android.permission.READ_EXTERNAL_STORAGE"
18-->src/main/AndroidManifest.xml:13:22-77
19        android:maxSdkVersion="32" />
19-->src/main/AndroidManifest.xml:14:9-35
20    <uses-permission android:name="android.permission.READ_MEDIA_IMAGES" />
20-->src/main/AndroidManifest.xml:15:5-76
20-->src/main/AndroidManifest.xml:15:22-73
21    <uses-permission android:name="android.permission.READ_MEDIA_VIDEO" />
21-->src/main/AndroidManifest.xml:16:5-75
21-->src/main/AndroidManifest.xml:16:22-72
22    <uses-permission android:name="android.permission.PACKAGE_USAGE_STATS" />
22-->src/main/AndroidManifest.xml:18:5-19:47
22-->src/main/AndroidManifest.xml:18:22-75
23    <uses-permission android:name="android.permission.QUERY_ALL_PACKAGES" />
23-->src/main/AndroidManifest.xml:20:5-21:53
23-->src/main/AndroidManifest.xml:20:22-74
24
25    <application
25-->src/main/AndroidManifest.xml:23:5-60:19
26        android:allowBackup="false"
26-->src/main/AndroidManifest.xml:26:9-36
27        android:debuggable="true"
28        android:extractNativeLibs="true"
29        android:icon="@drawable/ic_launcher"
29-->src/main/AndroidManifest.xml:25:9-45
30        android:label="@string/app_name"
30-->src/main/AndroidManifest.xml:24:9-41
31        android:theme="@style/Theme.AppCompat.DayNight" >
31-->src/main/AndroidManifest.xml:27:9-56
32        <activity
32-->src/main/AndroidManifest.xml:29:9-36:20
33            android:name="com.example.childguard.MainActivity"
33-->src/main/AndroidManifest.xml:30:13-41
34            android:exported="true" >
34-->src/main/AndroidManifest.xml:31:13-36
35            <intent-filter>
35-->src/main/AndroidManifest.xml:32:13-35:29
36                <action android:name="android.intent.action.MAIN" />
36-->src/main/AndroidManifest.xml:33:17-69
36-->src/main/AndroidManifest.xml:33:25-66
37
38                <category android:name="android.intent.category.LAUNCHER" />
38-->src/main/AndroidManifest.xml:34:17-77
38-->src/main/AndroidManifest.xml:34:27-74
39            </intent-filter>
40        </activity>
41
42        <service
42-->src/main/AndroidManifest.xml:38:9-41:56
43            android:name="com.example.childguard.MonitorService"
43-->src/main/AndroidManifest.xml:39:13-43
44            android:exported="false"
44-->src/main/AndroidManifest.xml:40:13-37
45            android:foregroundServiceType="dataSync" />
45-->src/main/AndroidManifest.xml:41:13-53
46
47        <receiver
47-->src/main/AndroidManifest.xml:43:9-49:20
48            android:name="com.example.childguard.BootReceiver"
48-->src/main/AndroidManifest.xml:44:13-41
49            android:exported="false" >
49-->src/main/AndroidManifest.xml:45:13-37
50            <intent-filter>
50-->src/main/AndroidManifest.xml:46:13-48:29
51                <action android:name="android.intent.action.BOOT_COMPLETED" />
51-->src/main/AndroidManifest.xml:47:17-79
51-->src/main/AndroidManifest.xml:47:25-76
52            </intent-filter>
53        </receiver>
54
55        <provider
56            android:name="androidx.core.content.FileProvider"
56-->src/main/AndroidManifest.xml:52:13-62
57            android:authorities="com.example.childguard.fileprovider"
57-->src/main/AndroidManifest.xml:53:13-64
58            android:exported="false"
58-->src/main/AndroidManifest.xml:54:13-37
59            android:grantUriPermissions="true" >
59-->src/main/AndroidManifest.xml:55:13-47
60            <meta-data
60-->src/main/AndroidManifest.xml:56:13-58:54
61                android:name="android.support.FILE_PROVIDER_PATHS"
61-->src/main/AndroidManifest.xml:57:17-67
62                android:resource="@xml/file_paths" />
62-->src/main/AndroidManifest.xml:58:17-51
63        </provider>
64    </application>
65
66</manifest>